<?xml version="1.0" encoding="UTF-8"?>
<testng-results ignored="0" total="1" passed="1" failed="0" skipped="0">
  <reporter-output>
  </reporter-output>
  <suite started-at="2026-06-09T23:00:06 IST" name="Default suite" finished-at="2026-06-09T23:00:14 IST" duration-ms="7659">
    <groups>
    </groups>
    <test started-at="2026-06-09T23:00:06 IST" name="Default test" finished-at="2026-06-09T23:00:14 IST" duration-ms="7659">
      <class name="com.LocatorCasestudy.CaseStudy4">
        <test-method is-config="true" signature="setUp()[pri:0, instance:com.LocatorCasestudy.CaseStudy4@6f204a1a]" started-at="2026-06-09T23:00:06 IST" name="setUp" finished-at="2026-06-09T23:00:12 IST" duration-ms="6428" status="PASS">
          <reporter-output>
          </reporter-output>
        </test-method> <!-- setUp -->
        <test-method signature="countAllLinks()[pri:0, instance:com.LocatorCasestudy.CaseStudy4@6f204a1a]" started-at="2026-06-09T23:00:12 IST" name="countAllLinks" finished-at="2026-06-09T23:00:13 IST" duration-ms="334" status="PASS">
          <reporter-output>
          </reporter-output>
        </test-method> <!-- countAllLinks -->
        <test-method is-config="true" signature="tearDown()[pri:0, instance:com.LocatorCasestudy.CaseStudy4@6f204a1a]" started-at="2026-06-09T23:00:13 IST" name="tearDown" finished-at="2026-06-09T23:00:14 IST" duration-ms="774" status="PASS">
          <reporter-output>
          </reporter-output>
        </test-method> <!-- tearDown -->
      </class> <!-- com.LocatorCasestudy.CaseStudy4 -->
    </test> <!-- Default test -->
  </suite> <!-- Default suite -->
</testng-results>
